0 info it worked if it ends with ok
1 verbose cli [ '/usr/bin/node', '/usr/bin/npm', 'run', 'tsc', '-w' ]
2 info using npm@3.10.6
3 info using node@v6.4.0
4 verbose run-script [ 'pretsc', 'tsc', 'posttsc' ]
5 info lifecycle wisc-women-for-trump@1.0.0~pretsc: wisc-women-for-trump@1.0.0
6 silly lifecycle wisc-women-for-trump@1.0.0~pretsc: no script for pretsc, continuing
7 info lifecycle wisc-women-for-trump@1.0.0~tsc: wisc-women-for-trump@1.0.0
8 verbose lifecycle wisc-women-for-trump@1.0.0~tsc: unsafe-perm in lifecycle true
9 verbose lifecycle wisc-women-for-trump@1.0.0~tsc: PATH: /usr/lib/node_modules/npm/bin/node-gyp-bin:/home/womenfortrump/node_modules/.bin:/usr/local/bin:/bin:/usr/bin:/usr/local/sbin:/usr/sbin:/sbin:/opt/aws/bin:/home/ec2-user/.local/bin:/home/ec2-user/bin
10 verbose lifecycle wisc-women-for-trump@1.0.0~tsc: CWD: /home/womenfortrump
11 silly lifecycle wisc-women-for-trump@1.0.0~tsc: Args: [ '-c', 'tsc' ]
12 silly lifecycle wisc-women-for-trump@1.0.0~tsc: Returned: code: 2  signal: null
13 info lifecycle wisc-women-for-trump@1.0.0~tsc: Failed to exec tsc script
14 verbose stack Error: wisc-women-for-trump@1.0.0 tsc: `tsc`
14 verbose stack Exit status 2
14 verbose stack     at EventEmitter.<anonymous> (/usr/lib/node_modules/npm/lib/utils/lifecycle.js:255:16)
14 verbose stack     at emitTwo (events.js:106:13)
14 verbose stack     at EventEmitter.emit (events.js:191:7)
14 verbose stack     at ChildProcess.<anonymous> (/usr/lib/node_modules/npm/lib/utils/spawn.js:40:14)
14 verbose stack     at emitTwo (events.js:106:13)
14 verbose stack     at ChildProcess.emit (events.js:191:7)
14 verbose stack     at maybeClose (internal/child_process.js:852:16)
14 verbose stack     at Process.ChildProcess._handle.onexit (internal/child_process.js:215:5)
15 verbose pkgid wisc-women-for-trump@1.0.0
16 verbose cwd /home/womenfortrump
17 error Linux 4.4.11-23.53.amzn1.x86_64
18 error argv "/usr/bin/node" "/usr/bin/npm" "run" "tsc" "-w"
19 error node v6.4.0
20 error npm  v3.10.6
21 error code ELIFECYCLE
22 error wisc-women-for-trump@1.0.0 tsc: `tsc`
22 error Exit status 2
23 error Failed at the wisc-women-for-trump@1.0.0 tsc script 'tsc'.
23 error Make sure you have the latest version of node.js and npm installed.
23 error If you do, this is most likely a problem with the wisc-women-for-trump package,
23 error not with npm itself.
23 error Tell the author that this fails on your system:
23 error     tsc
23 error You can get information on how to open an issue for this project with:
23 error     npm bugs wisc-women-for-trump
23 error Or if that isn't available, you can get their info via:
23 error     npm owner ls wisc-women-for-trump
23 error There is likely additional logging output above.
24 verbose exit [ 1, true ]
